[ 2017-05-19T23:53:33+08:00 ] 127.0.0.1 /index.php/Home/task/task_day_origin_jd_refund
INFO: [ app_init ] --START--
INFO: Run Behavior\BuildLiteBehavior [ RunTime:0.000012s ]
INFO: [ app_init ] --END-- [ RunTime:0.000060s ]
INFO: [ app_begin ] --START--
INFO: Run Behavior\ReadHtmlCacheBehavior [ RunTime:0.000531s ]
INFO: [ app_begin ] --END-- [ RunTime:0.000576s ]
SQL: SHOW COLUMNS FROM `lb_config_key` [ RunTime:0.0222s ]
SQL: SELECT * FROM `lb_config_key` WHERE ( type='京东' ) ORDER BY id asc  [ RunTime:0.0028s ]
NOTIC: [2] Missing argument 10 for Home\Controller\GetorderController::get_origin_jd_refund_count(), called in C:\PHPnow\vhosts\wzts.com\Application\Home\Controller\TaskController.class.php on line 348 and defined C:\PHPnow\vhosts\wzts.com\Application\Home\Controller\GetorderController.class.php 第 1698 行.
SQL: SHOW COLUMNS FROM `lb_origin_jd_refund` [ RunTime:0.0054s ]
SQL: SELECT COUNT(*) AS tp_count FROM `lb_origin_jd_refund` WHERE `id` = 1567202626 LIMIT 1   [ RunTime:0.0045s ]
SQL: SELECT COUNT(*) AS tp_count FROM `lb_origin_jd_refund` WHERE `id` = 1567089061 LIMIT 1   [ RunTime:0.0005s ]
SQL: SELECT COUNT(*) AS tp_count FROM `lb_origin_jd_refund` WHERE `id` = 1566844749 LIMIT 1   [ RunTime:0.0005s ]
SQL: SELECT COUNT(*) AS tp_count FROM `lb_origin_jd_refund` WHERE `id` = 1566685481 LIMIT 1   [ RunTime:0.0004s ]
SQL: SELECT COUNT(*) AS tp_count FROM `lb_origin_jd_refund` WHERE `id` = 1566643611 LIMIT 1   [ RunTime:0.0003s ]
SQL: SELECT COUNT(*) AS tp_count FROM `lb_origin_jd_refund` WHERE `id` = 1566630542 LIMIT 1   [ RunTime:0.0003s ]
SQL: SELECT COUNT(*) AS tp_count FROM `lb_origin_jd_refund` WHERE `id` = 1566605405 LIMIT 1   [ RunTime:0.0003s ]
SQL: SELECT COUNT(*) AS tp_count FROM `lb_origin_jd_refund` WHERE `id` = 1566526809 LIMIT 1   [ RunTime:0.0003s ]
SQL: SELECT COUNT(*) AS tp_count FROM `lb_origin_jd_refund` WHERE `id` = 1566492238 LIMIT 1   [ RunTime:0.0003s ]
SQL: SELECT COUNT(*) AS tp_count FROM `lb_origin_jd_refund` WHERE `id` = 1566473651 LIMIT 1   [ RunTime:0.0003s ]
SQL: SELECT COUNT(*) AS tp_count FROM `lb_origin_jd_refund` WHERE `id` = 1566446775 LIMIT 1   [ RunTime:0.0003s ]
SQL: SELECT COUNT(*) AS tp_count FROM `lb_origin_jd_refund` WHERE `id` = 1566415850 LIMIT 1   [ RunTime:0.0003s ]
SQL: SELECT COUNT(*) AS tp_count FROM `lb_origin_jd_refund` WHERE `id` = 1566410652 LIMIT 1   [ RunTime:0.0003s ]
SQL: SELECT COUNT(*) AS tp_count FROM `lb_origin_jd_refund` WHERE `id` = 1566344895 LIMIT 1   [ RunTime:0.0003s ]
SQL: SELECT COUNT(*) AS tp_count FROM `lb_origin_jd_refund` WHERE `id` = 1566287426 LIMIT 1   [ RunTime:0.0003s ]
SQL: SELECT COUNT(*) AS tp_count FROM `lb_origin_jd_refund` WHERE `id` = 1566275216 LIMIT 1   [ RunTime:0.0003s ]
SQL: SELECT COUNT(*) AS tp_count FROM `lb_origin_jd_refund` WHERE `id` = 1566216872 LIMIT 1   [ RunTime:0.0003s ]
SQL: SELECT COUNT(*) AS tp_count FROM `lb_origin_jd_refund` WHERE `id` = 1566169663 LIMIT 1   [ RunTime:0.0003s ]
SQL: SELECT COUNT(*) AS tp_count FROM `lb_origin_jd_refund` WHERE `id` = 1566167260 LIMIT 1   [ RunTime:0.0003s ]
SQL: SELECT COUNT(*) AS tp_count FROM `lb_origin_jd_refund` WHERE `id` = 1566143133 LIMIT 1   [ RunTime:0.0003s ]
SQL: SELECT COUNT(*) AS tp_count FROM `lb_origin_jd_refund` WHERE `id` = 1566136768 LIMIT 1   [ RunTime:0.0003s ]
SQL: SELECT COUNT(*) AS tp_count FROM `lb_origin_jd_refund` WHERE `id` = 1566114385 LIMIT 1   [ RunTime:0.0003s ]
SQL: SELECT COUNT(*) AS tp_count FROM `lb_origin_jd_refund` WHERE `id` = 1566063872 LIMIT 1   [ RunTime:0.0003s ]
SQL: SELECT COUNT(*) AS tp_count FROM `lb_origin_jd_refund` WHERE `id` = 1565956268 LIMIT 1   [ RunTime:0.0003s ]
SQL: SELECT COUNT(*) AS tp_count FROM `lb_origin_jd_refund` WHERE `id` = 1565955258 LIMIT 1   [ RunTime:0.0003s ]
SQL: SELECT COUNT(*) AS tp_count FROM `lb_origin_jd_refund` WHERE `id` = 1565953675 LIMIT 1   [ RunTime:0.0003s ]
SQL: SELECT COUNT(*) AS tp_count FROM `lb_origin_jd_refund` WHERE `id` = 1565878497 LIMIT 1   [ RunTime:0.0003s ]
SQL: SELECT COUNT(*) AS tp_count FROM `lb_origin_jd_refund` WHERE `id` = 1565687961 LIMIT 1   [ RunTime:0.0004s ]
SQL: SELECT COUNT(*) AS tp_count FROM `lb_origin_jd_refund` WHERE `id` = 1565637447 LIMIT 1   [ RunTime:0.0003s ]
INFO: [ app_end ] --START--
INFO: Run Behavior\ShowPageTraceBehavior [ RunTime:0.000608s ]
INFO: [ app_end ] --END-- [ RunTime:0.000653s ]

[ 2017-05-19T23:53:43+08:00 ] 127.0.0.1 /index.php/Home/task/task_day_origin_jd_refund_update
INFO: [ app_init ] --START--
INFO: Run Behavior\BuildLiteBehavior [ RunTime:0.000012s ]
INFO: [ app_init ] --END-- [ RunTime:0.000065s ]
INFO: [ app_begin ] --START--
INFO: Run Behavior\ReadHtmlCacheBehavior [ RunTime:0.000564s ]
INFO: [ app_begin ] --END-- [ RunTime:0.000611s ]
SQL: SHOW COLUMNS FROM `lb_config_key` [ RunTime:0.0125s ]
SQL: SELECT * FROM `lb_config_key` WHERE ( type='京东' ) ORDER BY id asc  [ RunTime:0.0023s ]
NOTIC: [2] Missing argument 10 for Home\Controller\GetorderController::get_origin_jd_refund_update_count(), called in C:\PHPnow\vhosts\wzts.com\Application\Home\Controller\TaskController.class.php on line 380 and defined C:\PHPnow\vhosts\wzts.com\Application\Home\Controller\GetorderController.class.php 第 1790 行.
SQL: SHOW COLUMNS FROM `lb_origin_jd_refund` [ RunTime:0.0152s ]
SQL: SELECT COUNT(*) AS tp_count FROM `lb_origin_jd_refund` WHERE `id` = 1567202626 LIMIT 1   [ RunTime:0.0023s ]
SQL: SELECT * FROM `lb_origin_jd_refund` WHERE `id` = 1567202626 LIMIT 1   [ RunTime:0.0014s ]
SQL: SELECT COUNT(*) AS tp_count FROM `lb_origin_jd_refund` WHERE `id` = 1567089061 LIMIT 1   [ RunTime:0.0006s ]
SQL: SELECT * FROM `lb_origin_jd_refund` WHERE `id` = 1567089061 LIMIT 1   [ RunTime:0.0007s ]
SQL: SELECT COUNT(*) AS tp_count FROM `lb_origin_jd_refund` WHERE `id` = 1566844749 LIMIT 1   [ RunTime:0.0006s ]
SQL: SELECT * FROM `lb_origin_jd_refund` WHERE `id` = 1566844749 LIMIT 1   [ RunTime:0.0009s ]
SQL: SELECT COUNT(*) AS tp_count FROM `lb_origin_jd_refund` WHERE `id` = 1566685481 LIMIT 1   [ RunTime:0.0006s ]
SQL: SELECT * FROM `lb_origin_jd_refund` WHERE `id` = 1566685481 LIMIT 1   [ RunTime:0.0008s ]
SQL: SELECT COUNT(*) AS tp_count FROM `lb_origin_jd_refund` WHERE `id` = 1566643611 LIMIT 1   [ RunTime:0.0006s ]
SQL: SELECT * FROM `lb_origin_jd_refund` WHERE `id` = 1566643611 LIMIT 1   [ RunTime:0.0007s ]
SQL: SELECT COUNT(*) AS tp_count FROM `lb_origin_jd_refund` WHERE `id` = 1566630542 LIMIT 1   [ RunTime:0.0005s ]
SQL: SELECT * FROM `lb_origin_jd_refund` WHERE `id` = 1566630542 LIMIT 1   [ RunTime:0.0008s ]
SQL: SELECT COUNT(*) AS tp_count FROM `lb_origin_jd_refund` WHERE `id` = 1566605405 LIMIT 1   [ RunTime:0.0006s ]
SQL: SELECT * FROM `lb_origin_jd_refund` WHERE `id` = 1566605405 LIMIT 1   [ RunTime:0.0007s ]
SQL: SELECT COUNT(*) AS tp_count FROM `lb_origin_jd_refund` WHERE `id` = 1566526809 LIMIT 1   [ RunTime:0.0006s ]
SQL: SELECT * FROM `lb_origin_jd_refund` WHERE `id` = 1566526809 LIMIT 1   [ RunTime:0.0007s ]
SQL: SELECT COUNT(*) AS tp_count FROM `lb_origin_jd_refund` WHERE `id` = 1566492238 LIMIT 1   [ RunTime:0.0006s ]
SQL: SELECT * FROM `lb_origin_jd_refund` WHERE `id` = 1566492238 LIMIT 1   [ RunTime:0.0007s ]
SQL: SELECT COUNT(*) AS tp_count FROM `lb_origin_jd_refund` WHERE `id` = 1566473651 LIMIT 1   [ RunTime:0.0006s ]
SQL: SELECT * FROM `lb_origin_jd_refund` WHERE `id` = 1566473651 LIMIT 1   [ RunTime:0.0007s ]
SQL: SELECT COUNT(*) AS tp_count FROM `lb_origin_jd_refund` WHERE `id` = 1566446775 LIMIT 1   [ RunTime:0.0006s ]
SQL: SELECT * FROM `lb_origin_jd_refund` WHERE `id` = 1566446775 LIMIT 1   [ RunTime:0.0008s ]
SQL: SELECT COUNT(*) AS tp_count FROM `lb_origin_jd_refund` WHERE `id` = 1566415850 LIMIT 1   [ RunTime:0.0006s ]
SQL: SELECT * FROM `lb_origin_jd_refund` WHERE `id` = 1566415850 LIMIT 1   [ RunTime:0.0008s ]
SQL: SELECT COUNT(*) AS tp_count FROM `lb_origin_jd_refund` WHERE `id` = 1566410652 LIMIT 1   [ RunTime:0.0006s ]
SQL: SELECT * FROM `lb_origin_jd_refund` WHERE `id` = 1566410652 LIMIT 1   [ RunTime:0.0008s ]
SQL: SELECT COUNT(*) AS tp_count FROM `lb_origin_jd_refund` WHERE `id` = 1566344895 LIMIT 1   [ RunTime:0.0006s ]
SQL: SELECT * FROM `lb_origin_jd_refund` WHERE `id` = 1566344895 LIMIT 1   [ RunTime:0.0007s ]
SQL: SELECT COUNT(*) AS tp_count FROM `lb_origin_jd_refund` WHERE `id` = 1566287426 LIMIT 1   [ RunTime:0.0006s ]
SQL: SELECT * FROM `lb_origin_jd_refund` WHERE `id` = 1566287426 LIMIT 1   [ RunTime:0.0008s ]
SQL: SELECT COUNT(*) AS tp_count FROM `lb_origin_jd_refund` WHERE `id` = 1566275216 LIMIT 1   [ RunTime:0.0006s ]
SQL: SELECT * FROM `lb_origin_jd_refund` WHERE `id` = 1566275216 LIMIT 1   [ RunTime:0.0007s ]
SQL: SELECT COUNT(*) AS tp_count FROM `lb_origin_jd_refund` WHERE `id` = 1566216872 LIMIT 1   [ RunTime:0.0003s ]
SQL: SELECT * FROM `lb_origin_jd_refund` WHERE `id` = 1566216872 LIMIT 1   [ RunTime:0.0004s ]
SQL: SELECT COUNT(*) AS tp_count FROM `lb_origin_jd_refund` WHERE `id` = 1566169663 LIMIT 1   [ RunTime:0.0003s ]
SQL: SELECT * FROM `lb_origin_jd_refund` WHERE `id` = 1566169663 LIMIT 1   [ RunTime:0.0004s ]
SQL: SELECT COUNT(*) AS tp_count FROM `lb_origin_jd_refund` WHERE `id` = 1566167260 LIMIT 1   [ RunTime:0.0003s ]
SQL: SELECT * FROM `lb_origin_jd_refund` WHERE `id` = 1566167260 LIMIT 1   [ RunTime:0.0004s ]
SQL: SELECT COUNT(*) AS tp_count FROM `lb_origin_jd_refund` WHERE `id` = 1566143133 LIMIT 1   [ RunTime:0.0003s ]
SQL: SELECT * FROM `lb_origin_jd_refund` WHERE `id` = 1566143133 LIMIT 1   [ RunTime:0.0004s ]
SQL: SELECT COUNT(*) AS tp_count FROM `lb_origin_jd_refund` WHERE `id` = 1566136768 LIMIT 1   [ RunTime:0.0003s ]
SQL: SELECT * FROM `lb_origin_jd_refund` WHERE `id` = 1566136768 LIMIT 1   [ RunTime:0.0004s ]
SQL: SELECT COUNT(*) AS tp_count FROM `lb_origin_jd_refund` WHERE `id` = 1566114385 LIMIT 1   [ RunTime:0.0003s ]
SQL: SELECT * FROM `lb_origin_jd_refund` WHERE `id` = 1566114385 LIMIT 1   [ RunTime:0.0004s ]
SQL: SELECT COUNT(*) AS tp_count FROM `lb_origin_jd_refund` WHERE `id` = 1566063872 LIMIT 1   [ RunTime:0.0003s ]
SQL: SELECT * FROM `lb_origin_jd_refund` WHERE `id` = 1566063872 LIMIT 1   [ RunTime:0.0005s ]
SQL: SELECT COUNT(*) AS tp_count FROM `lb_origin_jd_refund` WHERE `id` = 1565956268 LIMIT 1   [ RunTime:0.0003s ]
SQL: SELECT * FROM `lb_origin_jd_refund` WHERE `id` = 1565956268 LIMIT 1   [ RunTime:0.0005s ]
SQL: SELECT COUNT(*) AS tp_count FROM `lb_origin_jd_refund` WHERE `id` = 1565955258 LIMIT 1   [ RunTime:0.0004s ]
SQL: SELECT * FROM `lb_origin_jd_refund` WHERE `id` = 1565955258 LIMIT 1   [ RunTime:0.0004s ]
SQL: SELECT COUNT(*) AS tp_count FROM `lb_origin_jd_refund` WHERE `id` = 1565953675 LIMIT 1   [ RunTime:0.0003s ]
SQL: SELECT * FROM `lb_origin_jd_refund` WHERE `id` = 1565953675 LIMIT 1   [ RunTime:0.0004s ]
SQL: SELECT COUNT(*) AS tp_count FROM `lb_origin_jd_refund` WHERE `id` = 1565878497 LIMIT 1   [ RunTime:0.0003s ]
SQL: SELECT * FROM `lb_origin_jd_refund` WHERE `id` = 1565878497 LIMIT 1   [ RunTime:0.0004s ]
SQL: SELECT COUNT(*) AS tp_count FROM `lb_origin_jd_refund` WHERE `id` = 1565687961 LIMIT 1   [ RunTime:0.0003s ]
SQL: SELECT * FROM `lb_origin_jd_refund` WHERE `id` = 1565687961 LIMIT 1   [ RunTime:0.0005s ]
SQL: SELECT COUNT(*) AS tp_count FROM `lb_origin_jd_refund` WHERE `id` = 1565637447 LIMIT 1   [ RunTime:0.0004s ]
SQL: SELECT * FROM `lb_origin_jd_refund` WHERE `id` = 1565637447 LIMIT 1   [ RunTime:0.0004s ]
INFO: [ app_end ] --START--
INFO: Run Behavior\ShowPageTraceBehavior [ RunTime:0.000722s ]
INFO: [ app_end ] --END-- [ RunTime:0.000766s ]

[ 2017-05-19T23:53:55+08:00 ] 127.0.0.1 /index.php/Home/task/task_day_origin_jd_pingjia
INFO: [ app_init ] --START--
INFO: Run Behavior\BuildLiteBehavior [ RunTime:0.000013s ]
INFO: [ app_init ] --END-- [ RunTime:0.000083s ]
INFO: [ app_begin ] --START--
INFO: Run Behavior\ReadHtmlCacheBehavior [ RunTime:0.000542s ]
INFO: [ app_begin ] --END-- [ RunTime:0.000591s ]
SQL: SHOW COLUMNS FROM `lb_config_key` [ RunTime:0.0093s ]
SQL: SELECT * FROM `lb_config_key` WHERE ( type='京东' ) ORDER BY id asc  [ RunTime:0.0009s ]
NOTIC: [2] Missing argument 10 for Home\Controller\GetorderController::get_origin_jd_pingjia_count(), called in C:\PHPnow\vhosts\wzts.com\Application\Home\Controller\TaskController.class.php on line 412 and defined C:\PHPnow\vhosts\wzts.com\Application\Home\Controller\GetorderController.class.php 第 1908 行.
NOTIC: [8] Undefined variable: c_pageall C:\PHPnow\vhosts\wzts.com\Application\Home\Controller\TaskController.class.php 第 416 行.
NOTIC: [8] Undefined variable: c_pageall C:\PHPnow\vhosts\wzts.com\Application\Home\Controller\TaskController.class.php 第 418 行.
INFO: [ app_end ] --START--
INFO: Run Behavior\ShowPageTraceBehavior [ RunTime:0.002586s ]
INFO: [ app_end ] --END-- [ RunTime:0.002773s ]

