[ 2017-05-17T08:58:28+08:00 ] 127.0.0.1 /favicon.ico
INFO: [ app_init ] --START--
INFO: Run Behavior\BuildLiteBehavior [ RunTime:0.000009s ]
INFO: [ app_init ] --END-- [ RunTime:0.000051s ]
ERR: 无法加载模块:Favicon

[ 2017-05-17T08:58:28+08:00 ] 127.0.0.1 /favicon.ico
INFO: [ app_init ] --START--
INFO: Run Behavior\BuildLiteBehavior [ RunTime:0.000010s ]
INFO: [ app_init ] --END-- [ RunTime:0.000052s ]
ERR: 无法加载模块:Favicon

[ 2017-05-17T22:11:28+08:00 ] 127.0.0.1 /PhpStorm-af02cf0e-1c02-4600-b3fa-d02d6c77259a.php
INFO: [ app_init ] --START--
INFO: Run Behavior\BuildLiteBehavior [ RunTime:0.000009s ]
INFO: [ app_init ] --END-- [ RunTime:0.000049s ]
ERR: 无法加载模块:PhpStorm-af02cf0e-1c02-4600-b3fa-d02d6c77259a

[ 2017-05-17T22:55:43+08:00 ] 127.0.0.1 /PhpStorm-114ebcdb-2952-4303-a6bc-2cfab3fed042.php
INFO: [ app_init ] --START--
INFO: Run Behavior\BuildLiteBehavior [ RunTime:0.000008s ]
INFO: [ app_init ] --END-- [ RunTime:0.000046s ]
ERR: 无法加载模块:PhpStorm-114ebcdb-2952-4303-a6bc-2cfab3fed042

